<?xml version="1.0" encoding="UTF-8"?>
<!-- Generated by org.testng.reporters.JUnitXMLReporter -->
<testsuite ignored="2" hostname="charanraj" failures="0" tests="1" name="Default test" time="7.686" errors="0" timestamp="2025-09-24T09:27:33 GMT-04:00">
  <testcase classname="tests.OrderTests" name="placeOrderWithEmptyForm" time="3.162"/>
  <testcase classname="tests.OrderTests" name="verifyOrderConfirmationPopup" time="0.0">
    <ignored/>
  </testcase> <!-- verifyOrderConfirmationPopup -->
  <testcase classname="tests.OrderTests" name="placeOrderWithValidDetails" time="0.0">
    <ignored/>
  </testcase> <!-- placeOrderWithValidDetails -->
</testsuite> <!-- Default test -->
