<?xml version="1.0" encoding="UTF-8"?>
<!-- Generated by org.testng.reporters.JUnitXMLReporter -->
<testsuite ignored="0" hostname="charanraj" failures="0" tests="3" name="Cart Tests" time="30.203" errors="0" timestamp="2025-09-30T00:51:25 GMT-04:00">
  <testcase classname="tests.CartTests" name="addProductToCart" time="1.21"/>
  <testcase classname="tests.CartTests" name="removeProductFromCart" time="3.798"/>
  <testcase classname="tests.CartTests" name="updateProductQuantityInCart" time="2.398"/>
</testsuite> <!-- Cart Tests -->
