<?xml version="1.0" encoding="UTF-8"?>
<!-- Generated by org.testng.reporters.JUnitXMLReporter -->
<testsuite ignored="0" hostname="charanraj" failures="0" tests="4" name="Compare and Review Tests" time="68.483" errors="0" timestamp="2025-09-30T00:52:33 GMT-04:00">
  <testcase classname="tests.CompareandreviewTests" name="addProductToComparelist" time="2.47"/>
  <testcase classname="tests.CompareandreviewTests" name="addReviewtoProduct" time="26.526"/>
  <testcase classname="tests.CompareandreviewTests" name="removeProductToComparelist" time="14.568"/>
  <testcase classname="tests.CompareandreviewTests" name="verifyLogOut" time="2.104"/>
</testsuite> <!-- Compare and Review Tests -->
