<?xml version="1.0" encoding="UTF-8"?>
<!-- Generated by org.testng.reporters.JUnitXMLReporter -->
<testsuite ignored="0" hostname="charanraj" failures="0" tests="4" name="Login Tests" time="23.077" errors="0" timestamp="2025-09-30T00:50:34 GMT-04:00">
  <testcase classname="tests.LoginTests" name="loginWithEmptyFields" time="1.54"/>
  <testcase classname="tests.LoginTests" name="loginWithInvalidPassword" time="1.607"/>
  <testcase classname="tests.LoginTests" name="loginWithValidCredentials" time="1.882"/>
  <testcase classname="tests.LoginTests" name="rememberMeFunctionality" time="2.716"/>
</testsuite> <!-- Login Tests -->
