<?xml version="1.0" encoding="UTF-8"?>
<!-- Generated by org.testng.reporters.JUnitXMLReporter -->
<testsuite ignored="0" hostname="charanraj" failures="0" tests="4" name="Product Navigation Tests" time="20.879" errors="0" timestamp="2025-09-30T00:50:55 GMT-04:00">
  <testcase classname="tests.ProductNavigationTests" name="verifyCategoryNavigation" time="0.915"/>
  <testcase classname="tests.ProductNavigationTests" name="verifyProductDetailsPage" time="1.925"/>
  <testcase classname="tests.ProductNavigationTests" name="verifySearchWithNoResults" time="1.295"/>
  <testcase classname="tests.ProductNavigationTests" name="verifySearchWithValidKeyword" time="1.183"/>
</testsuite> <!-- Product Navigation Tests -->
