<?xml version="1.0" encoding="UTF-8"?>
<!-- Generated by org.testng.reporters.JUnitXMLReporter -->
<testsuite ignored="0" hostname="charanraj" failures="0" tests="4" name="Register Tests" time="22.259" errors="0" timestamp="2025-09-30T00:50:11 GMT-04:00">
  <testcase classname="tests.RegisterTests" name="registrationWithExistingEmail" time="3.44"/>
  <testcase classname="tests.RegisterTests" name="registrationWithInvalidEmailFormat" time="1.242"/>
  <testcase classname="tests.RegisterTests" name="registrationWithMissingMandatoryFields" time="1.066"/>
  <testcase classname="tests.RegisterTests" name="registrationWithValidDetails" time="2.342"/>
</testsuite> <!-- Register Tests -->
