<?xml version="1.0" encoding="UTF-8"?>
<!-- Generated by org.testng.reporters.JUnitXMLReporter -->
<testsuite ignored="0" hostname="charanraj" failures="0" tests="3" name="UI Tests" time="23.948" errors="0" timestamp="2025-09-30T00:52:57 GMT-04:00">
  <testcase classname="tests.UITests" name="testBackButtonAfterLogout" time="3.177"/>
  <testcase classname="tests.UITests" name="testFontConsistencyAcrossPages" time="0.302"/>
  <testcase classname="tests.UITests" name="verifyActionLinksVisibility" time="0.124"/>
</testsuite> <!-- UI Tests -->
