<?xml version="1.0" encoding="UTF-8"?>
<!-- Generated by org.testng.reporters.JUnitXMLReporter -->
<testsuite ignored="0" hostname="charanraj" failures="0" tests="9" name="AddEditDeleteContactTests" time="44.751" errors="0" timestamp="2025-09-19T01:22:11 GMT-04:00">
  <testcase classname="tests.AddEdidDeleteContactTests" name="verifyAddContact" time="2.013"/>
  <testcase classname="tests.AddEdidDeleteContactTests" name="verifyAddContactWithMissingRequiredFields" time="1.843"/>
  <testcase classname="tests.AddEdidDeleteContactTests" name="verifyAddingDuplicateContactDetails" time="2.143"/>
  <testcase classname="tests.AddEdidDeleteContactTests" name="verifyCancellingEdit" time="1.997"/>
  <testcase classname="tests.AddEdidDeleteContactTests" name="verifyDeleteContact" time="3.112"/>
  <testcase classname="tests.AddEdidDeleteContactTests" name="verifyEditContact" time="1.816"/>
  <testcase classname="tests.AddEdidDeleteContactTests" name="verifyEditValidation" time="1.286"/>
  <testcase classname="tests.AddEdidDeleteContactTests" name="verifyFormResetsAfterContactAdded" time="1.954"/>
  <testcase classname="tests.AddEdidDeleteContactTests" name="verifyOnlyNumericInputInPhoneField" time="1.461"/>
</testsuite> <!-- AddEditDeleteContactTests -->
