<?xml version="1.0" encoding="UTF-8"?>
<!-- Generated by org.testng.reporters.JUnitXMLReporter -->
<testsuite ignored="0" hostname="charanraj" failures="0" tests="3" name="ContactUIValidationTests" time="12.037" errors="0" timestamp="2025-09-19T01:22:23 GMT-04:00">
  <testcase classname="tests.ContactUIValidationTests" name="testMaxCharacterLimit" time="1.08"/>
  <testcase classname="tests.ContactUIValidationTests" name="verifyAlignmentOfFields" time="0.522"/>
  <testcase classname="tests.ContactUIValidationTests" name="verifyUnicodeAndEmojisInAddressField" time="1.246"/>
</testsuite> <!-- ContactUIValidationTests -->
