<?xml version="1.0" encoding="UTF-8"?>
<!-- Generated by org.testng.reporters.JUnitXMLReporter -->
<testsuite ignored="0" hostname="charanraj" failures="0" tests="4" name="LoginTests" time="11.575" errors="0" timestamp="2025-09-19T01:21:02 GMT-04:00">
  <testcase classname="tests.LoginTests" name="verifyEmptyFields" time="0.69"/>
  <testcase classname="tests.LoginTests" name="verifyInvalidEmailFormat" time="1.057"/>
  <testcase classname="tests.LoginTests" name="verifyInvalidPassword" time="1.04"/>
  <testcase classname="tests.LoginTests" name="verifyValidLogin" time="1.078"/>
</testsuite> <!-- LoginTests -->
