<?xml version="1.0" encoding="UTF-8"?>
<!-- Generated by org.testng.reporters.JUnitXMLReporter -->
<testsuite ignored="0" hostname="charanraj" failures="0" tests="4" name="SignUpTests" time="13.283" errors="0" timestamp="2025-09-19T01:20:50 GMT-04:00">
  <testcase classname="tests.SignUpTests" name="verifyEmptyFields" time="0.493"/>
  <testcase classname="tests.SignUpTests" name="verifyExistingEmail" time="1.557"/>
  <testcase classname="tests.SignUpTests" name="verifyInvalidEmailFormat" time="1.366"/>
  <testcase classname="tests.SignUpTests" name="verifyValidSignUp" time="0.787"/>
</testsuite> <!-- SignUpTests -->
