<?xml version="1.0" encoding="UTF-8"?>
<testng-results ignored="0" total="1" passed="1" failed="0" skipped="0">
  <reporter-output>
  </reporter-output>
  <suite started-at="2025-09-30T00:54:37 GMT-04:00" name="Default suite" finished-at="2025-09-30T00:54:52 GMT-04:00" duration-ms="15659">
    <groups>
    </groups>
    <test started-at="2025-09-30T00:54:37 GMT-04:00" name="Default test" finished-at="2025-09-30T00:54:52 GMT-04:00" duration-ms="15659">
      <class name="tests.OrderTests">
        <test-method is-config="true" signature="beforeSuite()[pri:0, instance:tests.OrderTests@397fbdb]" started-at="2025-09-30T00:54:36 GMT-04:00" name="beforeSuite" finished-at="2025-09-30T00:54:37 GMT-04:00" duration-ms="628" status="PASS">
          <reporter-output>
          </reporter-output>
        </test-method> <!-- beforeSuite -->
        <test-method is-config="true" signature="setUp()[pri:0, instance:tests.OrderTests@397fbdb]" started-at="2025-09-30T00:54:37 GMT-04:00" name="setUp" finished-at="2025-09-30T00:54:45 GMT-04:00" duration-ms="8082" status="PASS">
          <reporter-output>
          </reporter-output>
        </test-method> <!-- setUp -->
        <test-method signature="placeOrderWithMissingDetails()[pri:0, instance:tests.OrderTests@397fbdb]" started-at="2025-09-30T00:54:45 GMT-04:00" name="placeOrderWithMissingDetails" finished-at="2025-09-30T00:54:52 GMT-04:00" duration-ms="7197" status="PASS">
          <reporter-output>
          </reporter-output>
        </test-method> <!-- placeOrderWithMissingDetails -->
        <test-method is-config="true" signature="tearDown()[pri:0, instance:tests.OrderTests@397fbdb]" started-at="2025-09-30T00:54:52 GMT-04:00" name="tearDown" finished-at="2025-09-30T00:54:52 GMT-04:00" duration-ms="322" status="PASS">
          <reporter-output>
          </reporter-output>
        </test-method> <!-- tearDown -->
        <test-method is-config="true" signature="afterSuite()[pri:0, instance:tests.OrderTests@397fbdb]" started-at="2025-09-30T00:54:53 GMT-04:00" name="afterSuite" finished-at="2025-09-30T00:54:53 GMT-04:00" duration-ms="27" status="PASS">
          <reporter-output>
          </reporter-output>
        </test-method> <!-- afterSuite -->
      </class> <!-- tests.OrderTests -->
    </test> <!-- Default test -->
  </suite> <!-- Default suite -->
</testng-results>
