<?xml version="1.0" encoding="UTF-8"?>
<!-- Generated by org.testng.reporters.JUnitXMLReporter -->
<testsuite ignored="0" hostname="charanraj" failures="0" tests="6" name="Login Tests" time="22.987" errors="0" timestamp="2025-09-24T10:24:49 GMT-04:00">
  <testcase classname="tests.LoginTests" name="PasswordFieldMasking" time="1.0"/>
  <testcase classname="tests.LoginTests" name="loginWithEmptyFields" time="1.001"/>
  <testcase classname="tests.LoginTests" name="loginWithIncorrectPassword" time="1.775"/>
  <testcase classname="tests.LoginTests" name="loginWithInvalidEmailFormat" time="1.844"/>
  <testcase classname="tests.LoginTests" name="loginWithValidCredentials" time="2.135"/>
  <testcase classname="tests.LoginTests" name="verifyLogout" time="2.66"/>
</testsuite> <!-- Login Tests -->
