<?xml version="1.0" encoding="UTF-8"?>
<!-- Generated by org.testng.reporters.JUnitXMLReporter -->
<testsuite ignored="0" hostname="charanraj" failures="0" tests="3" name="Order Tests" time="20.992" errors="0" timestamp="2025-09-24T10:25:10 GMT-04:00">
  <testcase classname="tests.OrderTests" name="placeOrderWithEmptyForm" time="3.107"/>
  <testcase classname="tests.OrderTests" name="placeOrderWithValidDetails" time="3.667"/>
  <testcase classname="tests.OrderTests" name="verifyOrderConfirmationPopup" time="3.78"/>
</testsuite> <!-- Order Tests -->
