<?xml version="1.0" encoding="UTF-8"?>
<!-- Generated by org.testng.reporters.JUnitXMLReporter -->
<testsuite ignored="0" hostname="charanraj" failures="0" tests="3" name="SignUp Tests" time="13.845" errors="0" timestamp="2025-09-24T10:22:41 GMT-04:00">
  <testcase classname="tests.SignUpTests" name="signUpWithEmptyFields" time="1.412"/>
  <testcase classname="tests.SignUpTests" name="signUpWithExistingUsername" time="2.087"/>
  <testcase classname="tests.SignUpTests" name="signUpWithUniqueCredentials" time="1.766"/>
</testsuite> <!-- SignUp Tests -->
