<?xml version="1.0" encoding="UTF-8"?>
<!-- Generated by org.testng.reporters.JUnitXMLReporter -->
<testsuite ignored="2" hostname="charanraj" failures="0" tests="1" name="Default test" time="15.659" errors="0" timestamp="2025-09-30T00:54:52 GMT-04:00">
  <testcase classname="tests.OrderTests" name="placeOrderWithMissingDetails" time="7.197"/>
  <testcase classname="tests.OrderTests" name="verifyOrderInHistory" time="0.0">
    <ignored/>
  </testcase> <!-- verifyOrderInHistory -->
  <testcase classname="tests.OrderTests" name="placeOrderWithValidDetails" time="0.0">
    <ignored/>
  </testcase> <!-- placeOrderWithValidDetails -->
</testsuite> <!-- Default test -->
